[@0,0:4='class',<'class'>,1:0]
[@1,6:7='ID',<ID>,1:6]
[@2,9:9='{',<'{'>,2:0]
[@3,12:17='public',<'public'>,3:1]
[@4,19:24='static',<'static'>,3:8]
[@5,26:29='void',<'void'>,3:15]
[@6,31:34='main',<'main'>,3:20]
[@7,36:36='(',<'('>,3:25]
[@8,37:42='String',<'String'>,3:26]
[@9,43:43='[',<'['>,3:32]
[@10,44:44=']',<']'>,3:33]
[@11,46:49='args',<ID>,3:35]
[@12,50:50=')',<')'>,3:39]
[@13,52:52='{',<'{'>,3:41]
[@14,56:61='return',<'return'>,4:2]
[@15,63:66='WORK',<ID>,4:9]
[@16,67:67='(',<'('>,4:13]
[@17,68:68=')',<')'>,4:14]
[@18,69:69=';',<';'>,4:15]
[@19,72:72='}',<'}'>,5:1]
[@20,74:74='}',<'}'>,6:0]
[@21,77:81='class',<'class'>,8:0]
[@22,83:85='ID2',<ID>,8:6]
[@23,87:87='{',<'{'>,9:0]
[@24,90:96='quantum',<'quantum'>,10:1]
[@25,98:102='quant',<ID>,10:9]
[@26,104:104='=',<'='>,10:15]
[@27,106:110='maybe',<QUANTUM>,10:17]
[@28,111:111=';',<';'>,10:22]
[@29,115:120='public',<'public'>,12:1]
[@30,122:128='boolean',<'boolean'>,12:8]
[@31,130:133='WORK',<ID>,12:16]
[@32,134:134='(',<'('>,12:20]
[@33,135:135=')',<')'>,12:21]
[@34,136:136='{',<'{'>,12:22]
[@35,140:142='int',<'int'>,13:2]
[@36,144:144='i',<ID>,13:6]
[@37,145:145=';',<';'>,13:7]
[@38,149:151='int',<'int'>,14:2]
[@39,153:153='j',<ID>,14:6]
[@40,154:154=';',<';'>,14:7]
[@41,158:161='char',<'char'>,15:2]
[@42,163:163='c',<ID>,15:7]
[@43,164:164=';',<';'>,15:8]
[@44,168:170='int',<'int'>,16:2]
[@45,171:171='[',<'['>,16:5]
[@46,172:172=']',<']'>,16:6]
[@47,174:174='a',<ID>,16:8]
[@48,175:175=';',<';'>,16:9]
[@49,180:181='if',<'if'>,18:2]
[@50,182:182='(',<'('>,18:4]
[@51,183:187='quant',<ID>,18:5]
[@52,188:188=')',<')'>,18:10]
[@53,189:189='{',<'{'>,18:11]
[@54,194:194='i',<ID>,19:3]
[@55,196:196='=',<'='>,19:5]
[@56,198:199='40',<INT>,19:7]
[@57,200:200=';',<';'>,19:9]
[@58,205:205='j',<ID>,20:3]
[@59,207:207='=',<'='>,20:5]
[@60,209:210='25',<INT>,20:7]
[@61,211:211=';',<';'>,20:9]
[@62,215:215='}',<'}'>,21:2]
[@63,217:220='else',<'else'>,21:4]
[@64,222:222='{',<'{'>,21:9]
[@65,227:227='c',<ID>,22:3]
[@66,229:229='=',<'='>,22:5]
[@67,231:233=''a'',<CHAR>,22:7]
[@68,234:234=';',<';'>,22:10]
[@69,238:238='}',<'}'>,23:2]
[@70,243:247='recur',<'recur'>,25:2]
[@71,249:249='(',<'('>,25:8]
[@72,250:254='quant',<ID>,25:9]
[@73,256:257='==',<'=='>,25:15]
[@74,259:262='true',<QUANTUM>,25:18]
[@75,264:265='||',<'||'>,25:23]
[@76,267:271='quant',<ID>,25:26]
[@77,273:274='==',<'=='>,25:32]
[@78,276:280='false',<QUANTUM>,25:35]
[@79,281:281=')',<')'>,25:40]
[@80,283:283='?',<'?'>,25:42]
[@81,285:285='(',<'('>,25:44]
[@82,286:286=')',<')'>,25:45]
[@83,288:288=':',<':'>,25:47]
[@84,290:290='j',<ID>,25:49]
[@85,292:292='=',<'='>,25:51]
[@86,294:295='10',<INT>,25:53]
[@87,296:296=';',<';'>,25:55]
[@88,301:306='return',<'return'>,27:2]
[@89,308:308='j',<ID>,27:9]
[@90,309:309=';',<';'>,27:10]
[@91,312:312='}',<'}'>,28:1]
[@92,315:315='}',<'}'>,30:0]
[@93,317:316='<EOF>',<EOF>,31:0]
