[@0,0:4='class',<'class'>,1:0]
[@1,6:25='minhaClassePrincipal',<ID>,1:6]
[@2,27:27='{',<'{'>,2:0]
[@3,30:35='public',<'public'>,3:1]
[@4,37:42='static',<'static'>,3:8]
[@5,44:47='void',<'void'>,3:15]
[@6,49:52='main',<'main'>,3:20]
[@7,54:54='(',<'('>,3:25]
[@8,55:60='String',<'String'>,3:26]
[@9,61:61='[',<'['>,3:32]
[@10,62:62=']',<']'>,3:33]
[@11,64:77='meusArgumentos',<ID>,3:35]
[@12,78:78=')',<')'>,3:49]
[@13,80:80='{',<'{'>,3:51]
[@14,84:89='return',<'return'>,4:2]
[@15,91:101='algumNumero',<ID>,4:9]
[@16,102:102='(',<'('>,4:20]
[@17,103:103=')',<')'>,4:21]
[@18,104:104=';',<';'>,4:22]
[@19,107:107='}',<'}'>,5:1]
[@20,109:109='}',<'}'>,6:0]
[@21,112:116='class',<'class'>,8:0]
[@22,118:119='ID',<ID>,8:6]
[@23,121:121='{',<'{'>,9:0]
[@24,124:130='boolean',<'boolean'>,10:1]
[@25,132:136='falso',<ID>,10:9]
[@26,138:138='=',<'='>,10:15]
[@27,140:143='true',<QUANTUM>,10:17]
[@28,144:144=';',<';'>,10:21]
[@29,147:152='public',<'public'>,11:1]
[@30,154:156='int',<'int'>,11:8]
[@31,158:168='algumNumero',<ID>,11:12]
[@32,169:169='(',<'('>,11:23]
[@33,170:170=')',<')'>,11:24]
[@34,171:171='{',<'{'>,11:25]
[@35,175:180='return',<'return'>,12:2]
[@36,182:182='2',<INT>,12:9]
[@37,183:183=';',<';'>,12:10]
[@38,186:186='}',<'}'>,13:1]
[@39,188:188='}',<'}'>,14:0]
[@40,215:219='class',<'class'>,17:0]
[@41,221:226='teste3',<ID>,17:6]
[@42,228:234='extends',<'extends'>,17:13]
[@43,236:237='ID',<ID>,17:21]
[@44,240:240='{',<'{'>,18:0]
[@45,243:245='int',<'int'>,19:1]
[@46,247:248='um',<ID>,19:5]
[@47,250:250='=',<'='>,19:8]
[@48,252:252='1',<INT>,19:10]
[@49,253:253=';',<';'>,19:11]
[@50,271:274='char',<'char'>,20:1]
[@51,276:281='letraA',<ID>,20:6]
[@52,283:283='=',<'='>,20:13]
[@53,285:287=''a'',<CHAR>,20:15]
[@54,288:288=';',<';'>,20:18]
[@55,291:297='boolean',<'boolean'>,21:1]
[@56,299:308='verdadeiro',<ID>,21:9]
[@57,310:310='=',<'='>,21:20]
[@58,312:316='false',<QUANTUM>,21:22]
[@59,317:317=';',<';'>,21:27]
[@60,320:326='quantum',<'quantum'>,22:1]
[@61,328:336='myQuantum',<ID>,22:9]
[@62,338:338='=',<'='>,22:19]
[@63,340:344='maybe',<QUANTUM>,22:21]
[@64,345:345=';',<';'>,22:26]
[@65,349:354='public',<'public'>,24:1]
[@66,356:358='int',<'int'>,24:8]
[@67,360:368='blackHole',<ID>,24:12]
[@68,369:369='(',<'('>,24:21]
[@69,370:372='int',<'int'>,24:22]
[@70,374:379='numero',<ID>,24:26]
[@71,380:380=',',<','>,24:32]
[@72,382:388='boolean',<'boolean'>,24:34]
[@73,390:393='sera',<ID>,24:42]
[@74,394:394=')',<')'>,24:46]
[@75,395:395='{',<'{'>,24:47]
[@76,399:401='int',<'int'>,25:2]
[@77,403:406='dois',<ID>,25:6]
[@78,408:408='=',<'='>,25:11]
[@79,410:410='2',<INT>,25:13]
[@80,411:411=';',<';'>,25:14]
[@81,415:417='int',<'int'>,26:2]
[@82,419:426='auxiliar',<ID>,26:6]
[@83,428:428='=',<'='>,26:15]
[@84,430:432='999',<INT>,26:17]
[@85,433:433=';',<';'>,26:20]
[@86,437:441='while',<'while'>,27:2]
[@87,442:442='(',<'('>,27:7]
[@88,443:446='dois',<ID>,27:8]
[@89,448:448='<',<'<'>,27:13]
[@90,450:457='auxiliar',<ID>,27:15]
[@91,458:458=')',<')'>,27:23]
[@92,459:459='{',<'{'>,27:24]
[@93,464:465='if',<'if'>,28:3]
[@94,466:466='(',<'('>,28:5]
[@95,467:470='dois',<ID>,28:6]
[@96,472:473='==',<'=='>,28:11]
[@97,475:475='3',<INT>,28:14]
[@98,476:476=')',<')'>,28:15]
[@99,477:477='{',<'{'>,28:16]
[@100,483:500='System.out.println',<'System.out.println'>,29:4]
[@101,501:501='(',<'('>,29:22]
[@102,502:507='letraA',<ID>,29:23]
[@103,508:508=')',<')'>,29:29]
[@104,509:509=';',<';'>,29:30]
[@105,517:517='}',<'}'>,30:3]
[@106,522:525='dois',<ID>,31:3]
[@107,527:527='=',<'='>,31:8]
[@108,529:532='dois',<ID>,31:10]
[@109,534:534='+',<'+'>,31:15]
[@110,536:536='1',<INT>,31:17]
[@111,537:537=';',<';'>,31:18]
[@112,543:543='}',<'}'>,32:2]
[@113,546:546='}',<'}'>,33:1]
[@114,549:549='}',<'}'>,35:0]
[@115,551:550='<EOF>',<EOF>,36:0]
